[INFO]	asctime:2019-05-29 00:27:41,472	module:consumers	message:after notify user
[INFO]	asctime:2019-05-29 00:27:49,710	module:consumers	message:after notify user
[INFO]	asctime:2019-05-29 00:29:05,635	module:consumers	message:after notify user
[INFO]	asctime:2019-05-29 00:29:08,749	module:consumers	message:after notify user
[INFO]	asctime:2019-05-29 00:29:13,727	module:consumers	message:after notify user
[INFO]	asctime:2019-05-29 08:56:55,188	module:consumers	message:after notify user
[INFO]	asctime:2019-05-29 08:57:40,642	module:consumers	message:after notify user
[INFO]	asctime:2019-05-29 08:58:22,447	module:consumers	message:after notify user
[INFO]	asctime:2019-05-29 11:50:39,755	module:consumers	message:after notify user
[INFO]	asctime:2019-05-29 11:54:00,433	module:consumers	message:after notify user
[INFO]	asctime:2019-05-29 12:05:08,906	module:consumers	message:after notify user
[INFO]	asctime:2019-05-29 12:09:20,144	module:consumers	message:after notify user
[INFO]	asctime:2019-05-29 12:09:30,622	module:consumers	message:after notify user
[INFO]	asctime:2019-05-29 12:11:01,494	module:consumers	message:after notify user
[INFO]	asctime:2019-05-29 12:11:03,863	module:consumers	message:after notify user
[INFO]	asctime:2019-05-29 12:11:05,543	module:consumers	message:after notify user
[INFO]	asctime:2019-05-29 12:11:10,444	module:consumers	message:after notify user
[INFO]	asctime:2019-05-29 13:41:16,444	module:consumers	message:after notify user
[INFO]	asctime:2019-05-29 13:41:16,449	module:consumers	message:after send room
[INFO]	asctime:2019-05-29 14:32:17,108	module:consumers	message:after notify user
[INFO]	asctime:2019-05-29 14:32:17,114	module:consumers	message:after send room
[INFO]	asctime:2019-05-29 14:32:20,358	module:consumers	message:after notify user
[INFO]	asctime:2019-05-29 14:32:20,370	module:consumers	message:after send room
[INFO]	asctime:2019-05-29 16:47:54,548	module:consumers	message:after notify user
[INFO]	asctime:2019-05-29 16:47:54,557	module:consumers	message:after send room
[INFO]	asctime:2019-05-29 20:42:10,678	module:consumers	message:after notify user
[INFO]	asctime:2019-05-29 20:42:10,682	module:consumers	message:after send room
[INFO]	asctime:2019-05-29 21:14:34,029	module:consumers	message:after notify user
[INFO]	asctime:2019-05-29 21:14:34,035	module:consumers	message:after send room
[INFO]	asctime:2019-05-29 21:25:07,082	module:consumers	message:after notify user
[INFO]	asctime:2019-05-29 21:25:07,085	module:consumers	message:after send room
[INFO]	asctime:2019-05-29 21:25:28,618	module:consumers	message:after notify user
[INFO]	asctime:2019-05-29 21:25:28,620	module:consumers	message:after send room
[INFO]	asctime:2019-05-29 21:25:50,051	module:consumers	message:after notify user
[INFO]	asctime:2019-05-29 21:25:50,053	module:consumers	message:after send room
[INFO]	asctime:2019-05-29 21:32:51,988	module:consumers	message:after notify user
[INFO]	asctime:2019-05-29 21:32:51,992	module:consumers	message:after send room
[INFO]	asctime:2019-05-30 08:55:23,199	module:consumers	message:after notify user
[INFO]	asctime:2019-05-30 08:55:23,202	module:consumers	message:after send room
[INFO]	asctime:2019-05-30 08:55:35,183	module:consumers	message:after notify user
[INFO]	asctime:2019-05-30 08:55:35,187	module:consumers	message:after send room
[INFO]	asctime:2019-05-30 09:00:03,958	module:consumers	message:after notify user
[INFO]	asctime:2019-05-30 09:00:03,962	module:consumers	message:after send room
[INFO]	asctime:2019-05-30 09:04:30,938	module:consumers	message:after notify user
[INFO]	asctime:2019-05-30 09:04:30,944	module:consumers	message:after send room
[INFO]	asctime:2019-05-30 09:09:56,673	module:consumers	message:after notify user
[INFO]	asctime:2019-05-30 09:09:56,676	module:consumers	message:after send room
[INFO]	asctime:2019-05-30 09:10:08,358	module:consumers	message:after notify user
[INFO]	asctime:2019-05-30 09:10:08,363	module:consumers	message:after send room
[INFO]	asctime:2019-05-30 09:14:23,331	module:consumers	message:after notify user
[INFO]	asctime:2019-05-30 09:14:23,336	module:consumers	message:after send room
[INFO]	asctime:2019-05-30 09:17:55,505	module:consumers	message:after notify user
[INFO]	asctime:2019-05-30 09:17:55,508	module:consumers	message:after send room
[INFO]	asctime:2019-05-30 09:17:57,486	module:consumers	message:after notify user
[INFO]	asctime:2019-05-30 09:17:57,491	module:consumers	message:after send room
[INFO]	asctime:2019-05-30 09:28:10,319	module:consumers	message:after notify user
[INFO]	asctime:2019-05-30 09:28:10,325	module:consumers	message:after send room
[INFO]	asctime:2019-05-30 09:28:24,743	module:consumers	message:after notify user
[INFO]	asctime:2019-05-30 09:28:24,747	module:consumers	message:after send room
[INFO]	asctime:2019-05-30 09:28:36,542	module:consumers	message:after notify user
[INFO]	asctime:2019-05-30 09:28:36,546	module:consumers	message:after send room
[INFO]	asctime:2019-05-30 09:28:46,415	module:consumers	message:after notify user
[INFO]	asctime:2019-05-30 09:28:46,420	module:consumers	message:after send room
[INFO]	asctime:2019-05-30 09:47:22,876	module:consumers	message:after notify user
[INFO]	asctime:2019-05-30 09:47:22,879	module:consumers	message:after send room
[INFO]	asctime:2019-05-30 09:55:34,229	module:consumers	message:after notify user
[INFO]	asctime:2019-05-30 09:55:34,233	module:consumers	message:after send room
[INFO]	asctime:2019-05-30 12:22:18,551	module:consumers	message:after notify user
[INFO]	asctime:2019-05-30 12:22:18,556	module:consumers	message:after send room
[INFO]	asctime:2019-05-30 14:32:04,160	module:consumers	message:after notify user
[INFO]	asctime:2019-05-30 14:32:04,162	module:consumers	message:after send room
[INFO]	asctime:2019-05-30 15:22:10,579	module:consumers	message:after notify user
[INFO]	asctime:2019-05-30 15:22:10,584	module:consumers	message:after send room
[INFO]	asctime:2019-05-30 18:51:39,921	module:consumers	message:after notify user
[INFO]	asctime:2019-05-30 18:51:39,925	module:consumers	message:after send room
[INFO]	asctime:2019-05-30 20:04:17,690	module:consumers	message:after notify user
[INFO]	asctime:2019-05-30 20:04:17,694	module:consumers	message:after send room
[INFO]	asctime:2019-05-31 06:14:00,349	module:consumers	message:after notify user
[INFO]	asctime:2019-05-31 06:14:00,352	module:consumers	message:after send room
[INFO]	asctime:2019-05-31 06:14:38,018	module:consumers	message:after notify user
[INFO]	asctime:2019-05-31 06:14:38,022	module:consumers	message:after send room
[INFO]	asctime:2019-05-31 06:20:51,916	module:consumers	message:after notify user
[INFO]	asctime:2019-05-31 06:20:51,919	module:consumers	message:after send room
[INFO]	asctime:2019-05-31 07:03:47,571	module:consumers	message:after notify user
[INFO]	asctime:2019-05-31 07:03:47,575	module:consumers	message:after send room
[INFO]	asctime:2019-05-31 07:03:56,052	module:consumers	message:after notify user
[INFO]	asctime:2019-05-31 07:03:56,055	module:consumers	message:after send room
[INFO]	asctime:2019-05-31 07:03:59,386	module:consumers	message:after notify user
[INFO]	asctime:2019-05-31 07:03:59,389	module:consumers	message:after send room
[INFO]	asctime:2019-05-31 07:04:05,251	module:consumers	message:after notify user
[INFO]	asctime:2019-05-31 07:04:05,255	module:consumers	message:after send room
[INFO]	asctime:2019-05-31 07:05:27,149	module:consumers	message:after notify user
[INFO]	asctime:2019-05-31 07:05:27,154	module:consumers	message:after send room
[INFO]	asctime:2019-05-31 07:05:30,771	module:consumers	message:after notify user
[INFO]	asctime:2019-05-31 07:05:30,776	module:consumers	message:after send room
[INFO]	asctime:2019-05-31 07:46:26,291	module:consumers	message:after notify user
[INFO]	asctime:2019-05-31 07:46:26,294	module:consumers	message:after send room
[INFO]	asctime:2019-05-31 09:13:26,853	module:consumers	message:after notify user
[INFO]	asctime:2019-05-31 09:13:26,856	module:consumers	message:after send room
[INFO]	asctime:2019-05-31 09:28:10,995	module:consumers	message:after notify user
[INFO]	asctime:2019-05-31 09:28:10,997	module:consumers	message:after send room
[INFO]	asctime:2019-05-31 09:32:37,321	module:consumers	message:after notify user
[INFO]	asctime:2019-05-31 09:32:37,324	module:consumers	message:after send room
[INFO]	asctime:2019-05-31 09:37:23,469	module:consumers	message:after notify user
[INFO]	asctime:2019-05-31 09:37:23,473	module:consumers	message:after send room
[INFO]	asctime:2019-05-31 11:39:39,922	module:consumers	message:after notify user
[INFO]	asctime:2019-05-31 11:39:39,926	module:consumers	message:after send room
[INFO]	asctime:2019-05-31 12:51:28,356	module:consumers	message:after notify user
[INFO]	asctime:2019-05-31 12:51:28,359	module:consumers	message:after send room
[INFO]	asctime:2019-05-31 17:21:45,424	module:consumers	message:after notify user
[INFO]	asctime:2019-05-31 17:21:45,427	module:consumers	message:after send room
[INFO]	asctime:2019-05-31 19:53:57,003	module:consumers	message:after notify user
[INFO]	asctime:2019-05-31 19:53:57,006	module:consumers	message:after send room
[INFO]	asctime:2019-06-01 09:26:52,192	module:consumers	message:after notify user
[INFO]	asctime:2019-06-01 09:26:52,196	module:consumers	message:after send room
[INFO]	asctime:2019-06-01 09:27:03,015	module:consumers	message:after notify user
[INFO]	asctime:2019-06-01 09:27:03,018	module:consumers	message:after send room
[INFO]	asctime:2019-06-01 09:27:53,752	module:consumers	message:after notify user
[INFO]	asctime:2019-06-01 09:27:53,756	module:consumers	message:after send room
[INFO]	asctime:2019-06-01 09:30:04,427	module:consumers	message:after notify user
[INFO]	asctime:2019-06-01 09:30:04,430	module:consumers	message:after send room
[INFO]	asctime:2019-06-01 09:36:32,265	module:consumers	message:after notify user
[INFO]	asctime:2019-06-01 09:36:32,268	module:consumers	message:after send room
[INFO]	asctime:2019-06-01 09:43:49,192	module:consumers	message:after notify user
[INFO]	asctime:2019-06-01 09:43:49,194	module:consumers	message:after send room
[INFO]	asctime:2019-06-01 09:46:27,683	module:consumers	message:after notify user
[INFO]	asctime:2019-06-01 09:46:27,685	module:consumers	message:after send room
[INFO]	asctime:2019-06-01 10:36:17,907	module:consumers	message:after notify user
[INFO]	asctime:2019-06-01 10:36:17,910	module:consumers	message:after send room
[INFO]	asctime:2019-06-01 12:32:11,748	module:consumers	message:after notify user
[INFO]	asctime:2019-06-01 12:32:11,750	module:consumers	message:after send room
[INFO]	asctime:2019-06-01 14:16:43,545	module:consumers	message:after notify user
[INFO]	asctime:2019-06-01 14:16:43,549	module:consumers	message:after send room
[INFO]	asctime:2019-06-01 20:44:39,658	module:consumers	message:after notify user
[INFO]	asctime:2019-06-01 20:44:39,661	module:consumers	message:after send room
[INFO]	asctime:2019-06-02 09:03:34,250	module:consumers	message:after notify user
[INFO]	asctime:2019-06-02 09:03:34,253	module:consumers	message:after send room
[INFO]	asctime:2019-06-02 14:59:36,356	module:consumers	message:after notify user
[INFO]	asctime:2019-06-02 14:59:36,359	module:consumers	message:after send room
[INFO]	asctime:2019-06-03 13:10:27,389	module:consumers	message:after notify user
[INFO]	asctime:2019-06-03 13:10:27,392	module:consumers	message:after send room
[INFO]	asctime:2019-06-03 18:52:18,623	module:consumers	message:after notify user
[INFO]	asctime:2019-06-03 18:52:18,625	module:consumers	message:after send room
[ERROR]	asctime:2019-11-07 20:41:40,334	module:consumers	message:('room',)
[ERROR]	asctime:2019-11-07 20:43:16,600	module:consumers	message:()
[ERROR]	asctime:2019-11-07 20:43:43,483	module:consumers	message:()
[ERROR]	asctime:2019-11-07 21:37:52,746	module:consumers	message:()
[INFO]	asctime:2019-11-07 21:40:25,945	module:consumers	message:after notify user
[INFO]	asctime:2019-11-07 21:40:25,952	module:consumers	message:after send room
[INFO]	asctime:2019-11-07 21:53:40,047	module:consumers	message:after notify user
[INFO]	asctime:2019-11-07 21:53:40,050	module:consumers	message:after send room
[ERROR]	asctime:2019-11-08 22:49:51,565	module:consumers	message:()
[INFO]	asctime:2019-11-08 23:58:56,100	module:consumers	message:after notify user
[INFO]	asctime:2019-11-08 23:58:56,103	module:consumers	message:after send room
[INFO]	asctime:2019-11-08 23:59:36,608	module:consumers	message:after notify user
[INFO]	asctime:2019-11-08 23:59:36,611	module:consumers	message:after send room
[INFO]	asctime:2019-11-08 23:59:56,503	module:consumers	message:after notify user
[INFO]	asctime:2019-11-08 23:59:56,506	module:consumers	message:after send room
[INFO]	asctime:2019-11-09 00:01:00,535	module:consumers	message:after notify user
[INFO]	asctime:2019-11-09 00:01:00,541	module:consumers	message:after send room
[INFO]	asctime:2019-11-09 00:01:39,840	module:consumers	message:after notify user
[INFO]	asctime:2019-11-09 00:01:39,846	module:consumers	message:after send room
[INFO]	asctime:2019-11-09 00:03:28,280	module:consumers	message:after notify user
[INFO]	asctime:2019-11-09 00:03:28,288	module:consumers	message:after send room
[INFO]	asctime:2019-11-09 09:05:53,559	module:consumers	message:after notify user
[INFO]	asctime:2019-11-09 09:05:53,565	module:consumers	message:after send room
[INFO]	asctime:2019-11-09 09:07:18,496	module:consumers	message:after notify user
[INFO]	asctime:2019-11-09 09:07:18,498	module:consumers	message:after send room
[INFO]	asctime:2019-11-09 09:08:01,892	module:consumers	message:after notify user
[INFO]	asctime:2019-11-09 09:08:01,894	module:consumers	message:after send room
[INFO]	asctime:2019-11-09 09:08:04,863	module:consumers	message:after notify user
[INFO]	asctime:2019-11-09 09:08:04,865	module:consumers	message:after send room
[INFO]	asctime:2019-11-09 09:08:40,081	module:consumers	message:after notify user
[INFO]	asctime:2019-11-09 09:08:40,086	module:consumers	message:after send room
[INFO]	asctime:2019-11-09 09:08:42,780	module:consumers	message:after notify user
[INFO]	asctime:2019-11-09 09:08:42,783	module:consumers	message:after send room
[INFO]	asctime:2019-11-09 09:08:45,522	module:consumers	message:after notify user
[INFO]	asctime:2019-11-09 09:08:45,524	module:consumers	message:after send room
[INFO]	asctime:2019-11-09 09:08:55,026	module:consumers	message:after notify user
[INFO]	asctime:2019-11-09 09:08:55,031	module:consumers	message:after send room
[INFO]	asctime:2019-11-09 09:09:01,049	module:consumers	message:after notify user
[INFO]	asctime:2019-11-09 09:09:01,052	module:consumers	message:after send room
[INFO]	asctime:2019-11-09 09:09:55,780	module:consumers	message:after notify user
[INFO]	asctime:2019-11-09 09:09:55,781	module:consumers	message:after send room
[INFO]	asctime:2019-11-09 09:10:17,182	module:consumers	message:after notify user
[INFO]	asctime:2019-11-09 09:10:17,184	module:consumers	message:after send room
[INFO]	asctime:2019-11-09 09:10:21,449	module:consumers	message:after notify user
[INFO]	asctime:2019-11-09 09:10:21,450	module:consumers	message:after send room
[INFO]	asctime:2019-11-09 09:10:23,213	module:consumers	message:after notify user
[INFO]	asctime:2019-11-09 09:10:23,215	module:consumers	message:after send room
[INFO]	asctime:2019-11-09 09:10:28,549	module:consumers	message:after notify user
[INFO]	asctime:2019-11-09 09:10:28,551	module:consumers	message:after send room
[INFO]	asctime:2019-11-09 09:11:03,438	module:consumers	message:after notify user
[INFO]	asctime:2019-11-09 09:11:03,442	module:consumers	message:after send room
[INFO]	asctime:2019-11-09 09:18:42,380	module:consumers	message:after notify user
[INFO]	asctime:2019-11-09 09:18:42,383	module:consumers	message:after send room
[INFO]	asctime:2019-11-09 09:22:45,057	module:consumers	message:after notify user
[INFO]	asctime:2019-11-09 09:22:45,062	module:consumers	message:after send room
[INFO]	asctime:2019-11-09 09:22:55,221	module:consumers	message:after notify user
[INFO]	asctime:2019-11-09 09:22:55,222	module:consumers	message:after send room
[INFO]	asctime:2019-11-09 09:23:00,890	module:consumers	message:after notify user
[INFO]	asctime:2019-11-09 09:23:00,893	module:consumers	message:after send room
[INFO]	asctime:2019-11-09 09:23:03,798	module:consumers	message:after notify user
[INFO]	asctime:2019-11-09 09:23:03,799	module:consumers	message:after send room
[INFO]	asctime:2019-11-09 09:23:05,671	module:consumers	message:after notify user
[INFO]	asctime:2019-11-09 09:23:05,673	module:consumers	message:after send room
[INFO]	asctime:2019-11-09 09:24:38,915	module:consumers	message:after notify user
[INFO]	asctime:2019-11-09 09:24:38,924	module:consumers	message:after send room
[INFO]	asctime:2019-11-09 09:24:39,770	module:consumers	message:after notify user
[INFO]	asctime:2019-11-09 09:24:39,773	module:consumers	message:after send room
[INFO]	asctime:2019-11-09 09:24:49,209	module:consumers	message:after notify user
[INFO]	asctime:2019-11-09 09:24:49,212	module:consumers	message:after send room
[INFO]	asctime:2019-11-09 09:24:54,449	module:consumers	message:after notify user
[INFO]	asctime:2019-11-09 09:24:54,454	module:consumers	message:after send room
[INFO]	asctime:2019-11-09 09:24:59,748	module:consumers	message:after notify user
[INFO]	asctime:2019-11-09 09:24:59,750	module:consumers	message:after send room
[INFO]	asctime:2019-11-09 09:33:30,623	module:consumers	message:after notify user
[INFO]	asctime:2019-11-09 09:33:30,626	module:consumers	message:after send room
[INFO]	asctime:2019-11-09 09:33:32,530	module:consumers	message:after notify user
[INFO]	asctime:2019-11-09 09:33:32,532	module:consumers	message:after send room
[INFO]	asctime:2019-11-09 09:38:04,466	module:consumers	message:after notify user
[INFO]	asctime:2019-11-09 09:38:04,469	module:consumers	message:after send room
[INFO]	asctime:2019-11-09 10:57:24,626	module:consumers	message:after notify user
[INFO]	asctime:2019-11-09 10:57:24,630	module:consumers	message:after send room
[INFO]	asctime:2019-11-09 10:57:33,989	module:consumers	message:after notify user
[INFO]	asctime:2019-11-09 10:57:33,994	module:consumers	message:after send room
[INFO]	asctime:2019-11-09 10:58:18,154	module:consumers	message:after notify user
[INFO]	asctime:2019-11-09 10:58:18,156	module:consumers	message:after send room
[INFO]	asctime:2019-11-09 10:58:24,961	module:consumers	message:after notify user
[INFO]	asctime:2019-11-09 10:58:24,965	module:consumers	message:after send room
[INFO]	asctime:2019-11-09 11:23:09,713	module:consumers	message:after notify user
[INFO]	asctime:2019-11-09 11:23:09,716	module:consumers	message:after send room
[INFO]	asctime:2019-11-09 11:24:14,872	module:consumers	message:after notify user
[INFO]	asctime:2019-11-09 11:24:14,876	module:consumers	message:after send room
[INFO]	asctime:2019-11-09 11:26:46,976	module:consumers	message:after notify user
[INFO]	asctime:2019-11-09 11:26:46,979	module:consumers	message:after send room
[INFO]	asctime:2019-11-09 11:27:21,411	module:consumers	message:after notify user
[INFO]	asctime:2019-11-09 11:27:21,414	module:consumers	message:after send room
[INFO]	asctime:2019-11-09 11:30:15,267	module:consumers	message:after notify user
[INFO]	asctime:2019-11-09 11:30:15,270	module:consumers	message:after send room
[INFO]	asctime:2019-11-09 11:30:56,115	module:consumers	message:after notify user
[INFO]	asctime:2019-11-09 11:30:56,118	module:consumers	message:after send room
[INFO]	asctime:2019-11-09 11:31:38,864	module:consumers	message:after notify user
[INFO]	asctime:2019-11-09 11:31:38,872	module:consumers	message:after send room
[INFO]	asctime:2019-11-09 12:23:15,428	module:consumers	message:after notify user
[ERROR]	asctime:2019-11-09 12:23:15,432	module:consumers	message:("int() argument must be a string, a bytes-like object or a number, not 'dict'",)
[INFO]	asctime:2019-11-10 09:30:46,414	module:consumers	message:after notify user
[ERROR]	asctime:2019-11-10 09:30:46,418	module:consumers	message:("int() argument must be a string, a bytes-like object or a number, not 'dict'",)
[INFO]	asctime:2019-11-10 09:31:49,893	module:consumers	message:after notify user
[ERROR]	asctime:2019-11-10 09:31:49,897	module:consumers	message:("int() argument must be a string, a bytes-like object or a number, not 'dict'",)
[INFO]	asctime:2019-11-10 09:36:36,371	module:consumers	message:after notify user
[ERROR]	asctime:2019-11-10 09:36:36,374	module:consumers	message:("int() argument must be a string, a bytes-like object or a number, not 'dict'",)
[INFO]	asctime:2019-11-10 09:37:44,624	module:consumers	message:after notify user
[ERROR]	asctime:2019-11-10 09:37:44,625	module:consumers	message:("int() argument must be a string, a bytes-like object or a number, not 'dict'",)
[INFO]	asctime:2019-11-10 09:38:12,366	module:consumers	message:after notify user
[INFO]	asctime:2019-11-10 09:38:12,371	module:consumers	message:after send room
[INFO]	asctime:2019-11-10 09:38:37,592	module:consumers	message:after notify user
[ERROR]	asctime:2019-11-10 09:38:37,594	module:consumers	message:("int() argument must be a string, a bytes-like object or a number, not 'dict'",)
[INFO]	asctime:2019-11-10 09:39:47,186	module:consumers	message:after notify user
[ERROR]	asctime:2019-11-10 09:39:47,187	module:consumers	message:("int() argument must be a string, a bytes-like object or a number, not 'dict'",)
[INFO]	asctime:2019-11-10 09:40:46,015	module:consumers	message:after notify user
[ERROR]	asctime:2019-11-10 09:40:46,018	module:consumers	message:("int() argument must be a string, a bytes-like object or a number, not 'dict'",)
[INFO]	asctime:2019-11-10 09:43:53,377	module:consumers	message:after notify user
[ERROR]	asctime:2019-11-10 09:43:53,379	module:consumers	message:("int() argument must be a string, a bytes-like object or a number, not 'dict'",)
[INFO]	asctime:2019-11-10 09:45:25,252	module:consumers	message:after notify user
[ERROR]	asctime:2019-11-10 09:45:25,257	module:consumers	message:("int() argument must be a string, a bytes-like object or a number, not 'dict'",)
[INFO]	asctime:2019-11-10 09:49:01,271	module:consumers	message:after notify user
[INFO]	asctime:2019-11-10 09:49:01,296	module:consumers	message:after send room
[INFO]	asctime:2019-11-10 10:37:10,059	module:consumers	message:after notify user
[INFO]	asctime:2019-11-10 10:37:10,064	module:consumers	message:after send room
[INFO]	asctime:2019-11-10 20:13:06,264	module:consumers	message:after notify user
[INFO]	asctime:2019-11-10 20:13:06,267	module:consumers	message:after send room
[INFO]	asctime:2019-11-10 20:13:08,389	module:consumers	message:after notify user
[INFO]	asctime:2019-11-10 20:13:08,395	module:consumers	message:after send room
[INFO]	asctime:2019-11-10 20:13:20,194	module:consumers	message:after notify user
[INFO]	asctime:2019-11-10 20:13:20,197	module:consumers	message:after send room
[INFO]	asctime:2019-11-10 20:14:25,804	module:consumers	message:after notify user
[INFO]	asctime:2019-11-10 20:14:25,806	module:consumers	message:after send room
[INFO]	asctime:2019-11-10 20:14:36,665	module:consumers	message:after notify user
[INFO]	asctime:2019-11-10 20:14:36,670	module:consumers	message:after send room
[INFO]	asctime:2019-11-10 20:14:47,915	module:consumers	message:after notify user
[INFO]	asctime:2019-11-10 20:14:47,920	module:consumers	message:after send room
[INFO]	asctime:2019-11-10 21:30:37,690	module:consumers	message:after notify user
[INFO]	asctime:2019-11-10 21:30:37,696	module:consumers	message:after send room
[INFO]	asctime:2019-11-10 21:31:53,780	module:consumers	message:after notify user
[INFO]	asctime:2019-11-10 21:31:53,784	module:consumers	message:after send room
[INFO]	asctime:2019-11-10 21:45:30,007	module:consumers	message:after notify user
[INFO]	asctime:2019-11-10 21:45:30,065	module:consumers	message:after send room
[INFO]	asctime:2019-11-10 21:48:45,209	module:consumers	message:after notify user
[INFO]	asctime:2019-11-10 21:48:45,227	module:consumers	message:after send room
[INFO]	asctime:2019-11-10 21:49:37,504	module:consumers	message:after notify user
[INFO]	asctime:2019-11-10 21:49:37,521	module:consumers	message:after send room
[INFO]	asctime:2019-11-10 21:50:31,483	module:consumers	message:after notify user
[INFO]	asctime:2019-11-10 21:50:31,503	module:consumers	message:after send room
[INFO]	asctime:2019-11-10 21:51:19,834	module:consumers	message:after notify user
[INFO]	asctime:2019-11-10 21:51:19,866	module:consumers	message:after send room
[INFO]	asctime:2019-11-10 21:52:56,169	module:consumers	message:after notify user
[INFO]	asctime:2019-11-10 21:52:56,186	module:consumers	message:after send room
[INFO]	asctime:2019-11-10 21:54:25,623	module:consumers	message:after notify user
[INFO]	asctime:2019-11-10 21:54:25,627	module:consumers	message:after send room
[ERROR]	asctime:2019-11-13 22:00:23,595	module:consumers	message:('message',)
[ERROR]	asctime:2019-11-13 22:00:54,066	module:consumers	message:('attachment',)
[ERROR]	asctime:2019-11-13 22:01:07,881	module:consumers	message:()
[ERROR]	asctime:2019-11-13 22:02:58,873	module:consumers	message:('room id is not in rooms',)
[INFO]	asctime:2019-11-13 23:19:20,585	module:consumers	message:after notify user
[INFO]	asctime:2019-11-13 23:19:20,590	module:consumers	message:after send room
[INFO]	asctime:2019-11-13 23:20:13,312	module:consumers	message:after notify user
[INFO]	asctime:2019-11-13 23:20:13,324	module:consumers	message:after send room
[INFO]	asctime:2019-11-13 23:27:59,435	module:consumers	message:after notify user
[INFO]	asctime:2019-11-13 23:27:59,438	module:consumers	message:after send room
[INFO]	asctime:2019-11-13 23:28:18,176	module:consumers	message:after notify user
[INFO]	asctime:2019-11-13 23:28:18,179	module:consumers	message:after send room
[INFO]	asctime:2019-11-13 23:28:47,802	module:consumers	message:after notify user
[INFO]	asctime:2019-11-13 23:28:47,806	module:consumers	message:after send room
[INFO]	asctime:2019-11-13 23:29:53,979	module:consumers	message:after notify user
[INFO]	asctime:2019-11-13 23:29:53,983	module:consumers	message:after send room
[INFO]	asctime:2019-11-13 23:40:20,709	module:consumers	message:after notify user
[INFO]	asctime:2019-11-13 23:40:20,711	module:consumers	message:after send room
[INFO]	asctime:2019-11-13 23:40:38,904	module:consumers	message:after notify user
[INFO]	asctime:2019-11-13 23:40:38,910	module:consumers	message:after send room
[INFO]	asctime:2019-11-14 20:22:52,316	module:consumers	message:after notify user
[INFO]	asctime:2019-11-14 20:22:52,360	module:consumers	message:after send room
[INFO]	asctime:2019-11-14 20:24:19,966	module:consumers	message:after notify user
[INFO]	asctime:2019-11-14 20:24:19,988	module:consumers	message:after send room
[INFO]	asctime:2019-11-14 20:27:52,531	module:consumers	message:after notify user
[INFO]	asctime:2019-11-14 20:27:52,553	module:consumers	message:after send room
[INFO]	asctime:2019-11-14 20:28:37,744	module:consumers	message:after notify user
[INFO]	asctime:2019-11-14 20:28:37,768	module:consumers	message:after send room
[INFO]	asctime:2019-11-14 20:29:20,592	module:consumers	message:after notify user
[INFO]	asctime:2019-11-14 20:29:20,656	module:consumers	message:after send room
[INFO]	asctime:2019-11-14 20:30:15,837	module:consumers	message:after notify user
[INFO]	asctime:2019-11-14 20:30:15,859	module:consumers	message:after send room
[INFO]	asctime:2019-11-14 20:30:56,704	module:consumers	message:after notify user
[INFO]	asctime:2019-11-14 20:30:56,727	module:consumers	message:after send room
[INFO]	asctime:2019-11-14 20:35:11,516	module:consumers	message:after notify user
[INFO]	asctime:2019-11-14 20:35:11,534	module:consumers	message:after send room
[INFO]	asctime:2019-11-14 20:36:37,344	module:consumers	message:after notify user
[INFO]	asctime:2019-11-14 20:36:37,362	module:consumers	message:after send room
[INFO]	asctime:2019-11-14 20:38:09,537	module:consumers	message:after notify user
[INFO]	asctime:2019-11-14 20:38:09,556	module:consumers	message:after send room
[INFO]	asctime:2019-11-14 20:53:45,638	module:consumers	message:after notify user
[INFO]	asctime:2019-11-14 20:53:45,705	module:consumers	message:after send room
[INFO]	asctime:2019-11-14 20:56:02,674	module:consumers	message:after notify user
[INFO]	asctime:2019-11-14 20:56:02,695	module:consumers	message:after send room
[INFO]	asctime:2019-11-14 20:57:55,860	module:consumers	message:after notify user
[INFO]	asctime:2019-11-14 20:57:55,881	module:consumers	message:after send room
[INFO]	asctime:2019-11-14 21:00:03,913	module:consumers	message:after notify user
[INFO]	asctime:2019-11-14 21:00:03,933	module:consumers	message:after send room
[INFO]	asctime:2019-11-14 21:00:18,507	module:consumers	message:after notify user
[INFO]	asctime:2019-11-14 21:00:18,535	module:consumers	message:after send room
[INFO]	asctime:2019-11-17 10:42:34,059	module:consumers	message:after notify user
[INFO]	asctime:2019-11-17 10:42:34,063	module:consumers	message:after send room
[INFO]	asctime:2019-11-17 10:43:49,663	module:consumers	message:after notify user
[INFO]	asctime:2019-11-17 10:43:49,668	module:consumers	message:after send room
[INFO]	asctime:2019-11-17 10:44:26,383	module:consumers	message:after notify user
[INFO]	asctime:2019-11-17 10:44:26,388	module:consumers	message:after send room
[INFO]	asctime:2019-11-17 10:44:54,704	module:consumers	message:after notify user
[INFO]	asctime:2019-11-17 10:44:54,708	module:consumers	message:after send room
[INFO]	asctime:2019-11-17 10:50:06,018	module:consumers	message:after notify user
[INFO]	asctime:2019-11-17 10:50:06,023	module:consumers	message:after send room
[INFO]	asctime:2019-11-17 10:50:55,445	module:consumers	message:after notify user
[INFO]	asctime:2019-11-17 10:50:55,455	module:consumers	message:after send room
[INFO]	asctime:2019-11-17 10:52:16,359	module:consumers	message:after notify user
[INFO]	asctime:2019-11-17 10:52:16,364	module:consumers	message:after send room
[ERROR]	asctime:2019-11-17 10:53:35,682	module:consumers	message:('room id is not in rooms',)
[INFO]	asctime:2019-11-17 10:53:40,975	module:consumers	message:after notify user
[INFO]	asctime:2019-11-17 10:53:40,979	module:consumers	message:after send room
[INFO]	asctime:2019-11-17 10:53:47,439	module:consumers	message:after notify user
[INFO]	asctime:2019-11-17 10:53:47,442	module:consumers	message:after send room
[INFO]	asctime:2019-11-17 10:54:20,734	module:consumers	message:after notify user
[INFO]	asctime:2019-11-17 10:54:20,737	module:consumers	message:after send room
[INFO]	asctime:2019-11-17 10:55:07,563	module:consumers	message:after notify user
[INFO]	asctime:2019-11-17 10:55:07,567	module:consumers	message:after send room
[INFO]	asctime:2019-11-17 11:16:44,418	module:consumers	message:after notify user
[INFO]	asctime:2019-11-17 11:16:44,423	module:consumers	message:after send room
[INFO]	asctime:2019-11-17 11:18:37,921	module:consumers	message:after notify user
[INFO]	asctime:2019-11-17 11:18:37,924	module:consumers	message:after send room
[INFO]	asctime:2019-11-17 11:26:30,040	module:consumers	message:after notify user
[INFO]	asctime:2019-11-17 11:26:30,044	module:consumers	message:after send room
[ERROR]	asctime:2019-11-17 11:26:56,411	module:consumers	message:('room id is not in rooms',)
[INFO]	asctime:2019-11-17 11:28:16,231	module:consumers	message:after notify user
[INFO]	asctime:2019-11-17 11:28:16,235	module:consumers	message:after send room
[INFO]	asctime:2019-11-17 11:29:37,866	module:consumers	message:after notify user
[INFO]	asctime:2019-11-17 11:29:37,870	module:consumers	message:after send room
[INFO]	asctime:2019-11-17 11:32:19,489	module:consumers	message:after notify user
[INFO]	asctime:2019-11-17 11:32:19,500	module:consumers	message:after send room
[INFO]	asctime:2019-11-17 11:37:57,922	module:consumers	message:after notify user
[INFO]	asctime:2019-11-17 11:37:57,925	module:consumers	message:after send room
[INFO]	asctime:2019-11-17 13:04:04,700	module:consumers	message:after notify user
[INFO]	asctime:2019-11-17 13:04:04,705	module:consumers	message:after send room
[INFO]	asctime:2019-11-17 13:05:29,013	module:consumers	message:after notify user
[INFO]	asctime:2019-11-17 13:05:29,026	module:consumers	message:after send room
[INFO]	asctime:2019-11-17 13:06:44,553	module:consumers	message:after notify user
[INFO]	asctime:2019-11-17 13:06:44,563	module:consumers	message:after send room
[INFO]	asctime:2019-11-17 13:06:54,465	module:consumers	message:after notify user
[INFO]	asctime:2019-11-17 13:06:54,469	module:consumers	message:after send room
[INFO]	asctime:2019-11-17 13:07:01,113	module:consumers	message:after notify user
[INFO]	asctime:2019-11-17 13:07:01,117	module:consumers	message:after send room
[INFO]	asctime:2019-11-17 17:45:48,127	module:consumers	message:after notify user
[INFO]	asctime:2019-11-17 17:45:48,130	module:consumers	message:after send room
[INFO]	asctime:2019-11-17 17:45:57,738	module:consumers	message:after notify user
[INFO]	asctime:2019-11-17 17:45:57,741	module:consumers	message:after send room
[INFO]	asctime:2019-11-17 17:46:11,884	module:consumers	message:after notify user
[INFO]	asctime:2019-11-17 17:46:11,888	module:consumers	message:after send room
[INFO]	asctime:2019-11-17 17:47:32,516	module:consumers	message:after notify user
[INFO]	asctime:2019-11-17 17:47:32,518	module:consumers	message:after send room
[INFO]	asctime:2019-11-17 17:47:55,083	module:consumers	message:after notify user
[INFO]	asctime:2019-11-17 17:47:55,085	module:consumers	message:after send room
[INFO]	asctime:2019-11-17 18:37:28,425	module:consumers	message:after notify user
[INFO]	asctime:2019-11-17 18:37:28,431	module:consumers	message:after send room
[INFO]	asctime:2019-11-17 18:37:44,794	module:consumers	message:after notify user
[INFO]	asctime:2019-11-17 18:37:44,798	module:consumers	message:after send room
[INFO]	asctime:2019-11-17 19:40:47,566	module:consumers	message:after notify user
[INFO]	asctime:2019-11-17 19:40:47,570	module:consumers	message:after send room
[INFO]	asctime:2019-11-27 23:59:41,258	module:consumers	message:after notify user
[INFO]	asctime:2019-11-27 23:59:41,272	module:consumers	message:after send room
[ERROR]	asctime:2019-11-28 13:40:11,442	module:consumers	message:('room id is not in rooms',)
[INFO]	asctime:2019-11-28 13:40:53,116	module:consumers	message:after notify user
[INFO]	asctime:2019-11-28 13:40:53,119	module:consumers	message:after send room
[INFO]	asctime:2019-11-28 14:37:01,798	module:consumers	message:after notify user
[INFO]	asctime:2019-11-28 14:37:01,803	module:consumers	message:after send room
[INFO]	asctime:2019-11-28 14:37:57,698	module:consumers	message:after notify user
[INFO]	asctime:2019-11-28 14:37:57,704	module:consumers	message:after send room
[INFO]	asctime:2019-11-28 14:39:46,314	module:consumers	message:after notify user
[INFO]	asctime:2019-11-28 14:39:46,319	module:consumers	message:after send room
[INFO]	asctime:2019-11-28 14:39:49,352	module:consumers	message:after notify user
[INFO]	asctime:2019-11-28 14:39:49,354	module:consumers	message:after send room
